<?xml version="1.0" encoding="UTF-8"?>
<!-- Generated by org.testng.reporters.JUnitReportReporter -->
<testsuite skipped="0" hostname="ADMINRG-IERDROD" name="php" tests="2" failures="0" timestamp="26 Oct 2018 14:11:34 GMT" time="203.488" errors="0">
  <testcase name="adminlogin" time="26.349" classname="php"/>
  <testcase name="userlogin" time="177.139" classname="php"/>
</testsuite> <!-- php -->
