<?xml version="1.0" encoding="UTF-8"?>
<!-- Generated by org.testng.reporters.JUnitReportReporter -->
<testsuite skipped="0" hostname="ADMINRG-IERDROD" name="Cart" tests="1" failures="0" timestamp="09 Sep 2018 16:15:41 GMT" time="86.905" errors="0">
  <testcase name="main" time="86.905" classname="Cart"/>
</testsuite> <!-- Cart -->
